This file contains any messages produced by compilers while
running configure, to aid debugging if configure makes a mistake.

It was created by configure, which was
generated by GNU Autoconf 2.59.  Invocation command line was

  $ ./configure --enable-maintainer-mode --enable-compile-warnings

## --------- ##
## Platform. ##
## --------- ##

hostname = pocok
uname -m = i686
uname -r = 2.6.15-23-386
uname -s = Linux
uname -v = #1 PREEMPT Tue May 23 13:49:40 UTC 2006

/usr/bin/uname -p = unknown
/bin/uname -X     = unknown

/bin/arch              = i686
/usr/bin/arch -k       = unknown
/usr/convex/getsysinfo = unknown
hostinfo               = unknown
/bin/machine           = unknown
/usr/bin/oslevel       = unknown
/bin/universe          = unknown

PATH: /usr/local/sbin
PATH: /usr/local/bin
PATH: /usr/sbin
PATH: /usr/bin
PATH: /sbin
PATH: /bin
PATH: /usr/bin/X11
PATH: /usr/games


## ----------- ##
## Core tests. ##
## ----------- ##

configure:1560: checking for a BSD-compatible install
configure:1615: result: /usr/bin/install -c
configure:1626: checking whether build environment is sane
configure:1669: result: yes
configure:1734: checking for gawk
configure:1763: result: no
configure:1734: checking for mawk
configure:1750: found /usr/bin/mawk
configure:1760: result: mawk
configure:1770: checking whether make sets $(MAKE)
configure:1790: result: yes
configure:1973: checking for style of include used by make
configure:2001: result: GNU
configure:2072: checking for gcc
configure:2088: found /usr/bin/gcc
configure:2098: result: gcc
configure:2342: checking for C compiler version
configure:2345: gcc --version </dev/null >&5
gcc (GCC) 4.0.3 (Ubuntu 4.0.3-1ubuntu5)
Copyright (C) 2006 Free Software Foundation, Inc.
This is free software; see the source for copying conditions.  There is NO
warranty; not even for MERCHANTABILITY or FITNESS FOR A PARTICULAR PURPOSE.

configure:2348: $? = 0
configure:2350: gcc -v </dev/null >&5
Using built-in specs.
Target: i486-linux-gnu
Configured with: ../src/configure -v --enable-languages=c,c++,java,f95,objc,ada,treelang --prefix=/usr --enable-shared --with-system-zlib --libexecdir=/usr/lib --without-included-gettext --enable-threads=posix --enable-nls --program-suffix=-4.0 --enable-__cxa_atexit --enable-clocale=gnu --enable-libstdcxx-debug --enable-java-awt=gtk-default --enable-gtk-cairo --with-java-home=/usr/lib/jvm/java-1.4.2-gcj-4.0-1.4.2.0/jre --enable-mpfr --disable-werror --with-tune=pentium4 --enable-checking=release i486-linux-gnu
Thread model: posix
gcc version 4.0.3 (Ubuntu 4.0.3-1ubuntu5)
configure:2353: $? = 0
configure:2355: gcc -V </dev/null >&5
gcc: '-V' option must have argument
configure:2358: $? = 1
configure:2381: checking for C compiler default output file name
configure:2384: gcc    conftest.c  >&5
configure:2387: $? = 0
configure:2433: result: a.out
configure:2438: checking whether the C compiler works
configure:2444: ./a.out
configure:2447: $? = 0
configure:2464: result: yes
configure:2471: checking whether we are cross compiling
configure:2473: result: no
configure:2476: checking for suffix of executables
configure:2478: gcc -o conftest    conftest.c  >&5
configure:2481: $? = 0
configure:2506: result: 
configure:2512: checking for suffix of object files
configure:2533: gcc -c   conftest.c >&5
configure:2536: $? = 0
configure:2558: result: o
configure:2562: checking whether we are using the GNU C compiler
configure:2586: gcc -c   conftest.c >&5
configure:2592: $? = 0
configure:2595: test -z 			 || test ! -s conftest.err
configure:2598: $? = 0
configure:2601: test -s conftest.o
configure:2604: $? = 0
configure:2617: result: yes
configure:2623: checking whether gcc accepts -g
configure:2644: gcc -c -g  conftest.c >&5
configure:2650: $? = 0
configure:2653: test -z 			 || test ! -s conftest.err
configure:2656: $? = 0
configure:2659: test -s conftest.o
configure:2662: $? = 0
configure:2673: result: yes
configure:2690: checking for gcc option to accept ANSI C
configure:2760: gcc  -c -g -O2  conftest.c >&5
configure:2766: $? = 0
configure:2769: test -z 			 || test ! -s conftest.err
configure:2772: $? = 0
configure:2775: test -s conftest.o
configure:2778: $? = 0
configure:2796: result: none needed
configure:2814: gcc -c -g -O2  conftest.c >&5
conftest.c:2: error: syntax error before 'me'
configure:2820: $? = 1
configure: failed program was:
| #ifndef __cplusplus
|   choke me
| #endif
configure:2952: checking dependency style of gcc
configure:3042: result: gcc3
configure:3060: checking for library containing strerror
configure:3090: gcc -o conftest -g -O2   conftest.c  >&5
configure:3096: $? = 0
configure:3099: test -z 			 || test ! -s conftest.err
configure:3102: $? = 0
configure:3105: test -s conftest
configure:3108: $? = 0
configure:3177: result: none required
configure:3232: checking for gcc
configure:3258: result: gcc
configure:3502: checking for C compiler version
configure:3505: gcc --version </dev/null >&5
gcc (GCC) 4.0.3 (Ubuntu 4.0.3-1ubuntu5)
Copyright (C) 2006 Free Software Foundation, Inc.
This is free software; see the source for copying conditions.  There is NO
warranty; not even for MERCHANTABILITY or FITNESS FOR A PARTICULAR PURPOSE.

configure:3508: $? = 0
configure:3510: gcc -v </dev/null >&5
Using built-in specs.
Target: i486-linux-gnu
Configured with: ../src/configure -v --enable-languages=c,c++,java,f95,objc,ada,treelang --prefix=/usr --enable-shared --with-system-zlib --libexecdir=/usr/lib --without-included-gettext --enable-threads=posix --enable-nls --program-suffix=-4.0 --enable-__cxa_atexit --enable-clocale=gnu --enable-libstdcxx-debug --enable-java-awt=gtk-default --enable-gtk-cairo --with-java-home=/usr/lib/jvm/java-1.4.2-gcj-4.0-1.4.2.0/jre --enable-mpfr --disable-werror --with-tune=pentium4 --enable-checking=release i486-linux-gnu
Thread model: posix
gcc version 4.0.3 (Ubuntu 4.0.3-1ubuntu5)
configure:3513: $? = 0
configure:3515: gcc -V </dev/null >&5
gcc: '-V' option must have argument
configure:3518: $? = 1
configure:3521: checking whether we are using the GNU C compiler
configure:3576: result: yes
configure:3582: checking whether gcc accepts -g
configure:3632: result: yes
configure:3649: checking for gcc option to accept ANSI C
configure:3755: result: none needed
configure:3773: gcc -c -g -O2  conftest.c >&5
conftest.c:2: error: syntax error before 'me'
configure:3779: $? = 1
configure: failed program was:
| #ifndef __cplusplus
|   choke me
| #endif
configure:3911: checking dependency style of gcc
configure:4001: result: gcc3
configure:4064: checking for gcc
configure:4090: result: gcc
configure:4334: checking for C compiler version
configure:4337: gcc --version </dev/null >&5
gcc (GCC) 4.0.3 (Ubuntu 4.0.3-1ubuntu5)
Copyright (C) 2006 Free Software Foundation, Inc.
This is free software; see the source for copying conditions.  There is NO
warranty; not even for MERCHANTABILITY or FITNESS FOR A PARTICULAR PURPOSE.

configure:4340: $? = 0
configure:4342: gcc -v </dev/null >&5
Using built-in specs.
Target: i486-linux-gnu
Configured with: ../src/configure -v --enable-languages=c,c++,java,f95,objc,ada,treelang --prefix=/usr --enable-shared --with-system-zlib --libexecdir=/usr/lib --without-included-gettext --enable-threads=posix --enable-nls --program-suffix=-4.0 --enable-__cxa_atexit --enable-clocale=gnu --enable-libstdcxx-debug --enable-java-awt=gtk-default --enable-gtk-cairo --with-java-home=/usr/lib/jvm/java-1.4.2-gcj-4.0-1.4.2.0/jre --enable-mpfr --disable-werror --with-tune=pentium4 --enable-checking=release i486-linux-gnu
Thread model: posix
gcc version 4.0.3 (Ubuntu 4.0.3-1ubuntu5)
configure:4345: $? = 0
configure:4347: gcc -V </dev/null >&5
gcc: '-V' option must have argument
configure:4350: $? = 1
configure:4353: checking whether we are using the GNU C compiler
configure:4408: result: yes
configure:4414: checking whether gcc accepts -g
configure:4464: result: yes
configure:4481: checking for gcc option to accept ANSI C
configure:4587: result: none needed
configure:4605: gcc -c -g -O2  conftest.c >&5
conftest.c:2: error: syntax error before 'me'
configure:4611: $? = 1
configure: failed program was:
| #ifndef __cplusplus
|   choke me
| #endif
configure:4743: checking dependency style of gcc
configure:4833: result: gcc3
configure:4858: checking how to run the C preprocessor
configure:4893: gcc -E  conftest.c
configure:4899: $? = 0
configure:4931: gcc -E  conftest.c
conftest.c:11:28: error: ac_nonexistent.h: No such file or directory
configure:4937: $? = 1
configure: failed program was:
| /* confdefs.h.  */
| 
| #define PACKAGE_NAME ""
| #define PACKAGE_TARNAME ""
| #define PACKAGE_VERSION ""
| #define PACKAGE_STRING ""
| #define PACKAGE_BUGREPORT ""
| #define PACKAGE "lookup"
| #define VERSION "0.1"
| /* end confdefs.h.  */
| #include <ac_nonexistent.h>
configure:4976: result: gcc -E
configure:5000: gcc -E  conftest.c
configure:5006: $? = 0
configure:5038: gcc -E  conftest.c
conftest.c:11:28: error: ac_nonexistent.h: No such file or directory
configure:5044: $? = 1
configure: failed program was:
| /* confdefs.h.  */
| 
| #define PACKAGE_NAME ""
| #define PACKAGE_TARNAME ""
| #define PACKAGE_VERSION ""
| #define PACKAGE_STRING ""
| #define PACKAGE_BUGREPORT ""
| #define PACKAGE "lookup"
| #define VERSION "0.1"
| /* end confdefs.h.  */
| #include <ac_nonexistent.h>
configure:5088: checking for egrep
configure:5098: result: grep -E
configure:5103: checking for ANSI C header files
configure:5128: gcc -c -g -O2  conftest.c >&5
configure:5134: $? = 0
configure:5137: test -z 			 || test ! -s conftest.err
configure:5140: $? = 0
configure:5143: test -s conftest.o
configure:5146: $? = 0
configure:5235: gcc -o conftest -g -O2   conftest.c  >&5
conftest.c: In function 'main':
conftest.c:28: warning: incompatible implicit declaration of built-in function 'exit'
configure:5238: $? = 0
configure:5240: ./conftest
configure:5243: $? = 0
configure:5258: result: yes
configure:5346: checking build system type
configure:5364: result: i686-pc-linux-gnu
configure:5372: checking host system type
configure:5386: result: i686-pc-linux-gnu
configure:5394: checking for a sed that does not truncate output
configure:5448: result: /bin/sed
configure:5462: checking for ld used by gcc
configure:5529: result: /usr/bin/ld
configure:5538: checking if the linker (/usr/bin/ld) is GNU ld
configure:5553: result: yes
configure:5558: checking for /usr/bin/ld option to reload object files
configure:5565: result: -r
configure:5583: checking for BSD-compatible nm
configure:5632: result: /usr/bin/nm -B
configure:5636: checking whether ln -s works
configure:5640: result: yes
configure:5647: checking how to recognise dependent libraries
configure:5823: result: pass_all
configure:6067: checking for sys/types.h
configure:6083: gcc -c -g -O2  conftest.c >&5
configure:6089: $? = 0
configure:6092: test -z 			 || test ! -s conftest.err
configure:6095: $? = 0
configure:6098: test -s conftest.o
configure:6101: $? = 0
configure:6112: result: yes
configure:6067: checking for sys/stat.h
configure:6083: gcc -c -g -O2  conftest.c >&5
configure:6089: $? = 0
configure:6092: test -z 			 || test ! -s conftest.err
configure:6095: $? = 0
configure:6098: test -s conftest.o
configure:6101: $? = 0
configure:6112: result: yes
configure:6067: checking for stdlib.h
configure:6083: gcc -c -g -O2  conftest.c >&5
configure:6089: $? = 0
configure:6092: test -z 			 || test ! -s conftest.err
configure:6095: $? = 0
configure:6098: test -s conftest.o
configure:6101: $? = 0
configure:6112: result: yes
configure:6067: checking for string.h
configure:6083: gcc -c -g -O2  conftest.c >&5
configure:6089: $? = 0
configure:6092: test -z 			 || test ! -s conftest.err
configure:6095: $? = 0
configure:6098: test -s conftest.o
configure:6101: $? = 0
configure:6112: result: yes
configure:6067: checking for memory.h
configure:6083: gcc -c -g -O2  conftest.c >&5
configure:6089: $? = 0
configure:6092: test -z 			 || test ! -s conftest.err
configure:6095: $? = 0
configure:6098: test -s conftest.o
configure:6101: $? = 0
configure:6112: result: yes
configure:6067: checking for strings.h
configure:6083: gcc -c -g -O2  conftest.c >&5
configure:6089: $? = 0
configure:6092: test -z 			 || test ! -s conftest.err
configure:6095: $? = 0
configure:6098: test -s conftest.o
configure:6101: $? = 0
configure:6112: result: yes
configure:6067: checking for inttypes.h
configure:6083: gcc -c -g -O2  conftest.c >&5
configure:6089: $? = 0
configure:6092: test -z 			 || test ! -s conftest.err
configure:6095: $? = 0
configure:6098: test -s conftest.o
configure:6101: $? = 0
configure:6112: result: yes
configure:6067: checking for stdint.h
configure:6083: gcc -c -g -O2  conftest.c >&5
configure:6089: $? = 0
configure:6092: test -z 			 || test ! -s conftest.err
configure:6095: $? = 0
configure:6098: test -s conftest.o
configure:6101: $? = 0
configure:6112: result: yes
configure:6067: checking for unistd.h
configure:6083: gcc -c -g -O2  conftest.c >&5
configure:6089: $? = 0
configure:6092: test -z 			 || test ! -s conftest.err
configure:6095: $? = 0
configure:6098: test -s conftest.o
configure:6101: $? = 0
configure:6112: result: yes
configure:6138: checking dlfcn.h usability
configure:6150: gcc -c -g -O2  conftest.c >&5
configure:6156: $? = 0
configure:6159: test -z 			 || test ! -s conftest.err
configure:6162: $? = 0
configure:6165: test -s conftest.o
configure:6168: $? = 0
configure:6178: result: yes
configure:6182: checking dlfcn.h presence
configure:6192: gcc -E  conftest.c
configure:6198: $? = 0
configure:6218: result: yes
configure:6253: checking for dlfcn.h
configure:6260: result: yes
configure:6325: checking for g++
configure:6354: result: no
configure:6325: checking for c++
configure:6354: result: no
configure:6325: checking for gpp
configure:6354: result: no
configure:6325: checking for aCC
configure:6354: result: no
configure:6325: checking for CC
configure:6354: result: no
configure:6325: checking for cxx
configure:6354: result: no
configure:6325: checking for cc++
configure:6354: result: no
configure:6325: checking for cl
configure:6354: result: no
configure:6325: checking for FCC
configure:6354: result: no
configure:6325: checking for KCC
configure:6354: result: no
configure:6325: checking for RCC
configure:6354: result: no
configure:6325: checking for xlC_r
configure:6354: result: no
configure:6325: checking for xlC
configure:6354: result: no
configure:6367: checking for C++ compiler version
configure:6370: g++ --version </dev/null >&5
./configure: line 6371: g++: command not found
configure:6373: $? = 127
configure:6375: g++ -v </dev/null >&5
./configure: line 6376: g++: command not found
configure:6378: $? = 127
configure:6380: g++ -V </dev/null >&5
./configure: line 6381: g++: command not found
configure:6383: $? = 127
configure:6386: checking whether we are using the GNU C++ compiler
configure:6410: g++ -c   conftest.cc >&5
./configure: line 6411: g++: command not found
configure:6416: $? = 127
configure: failed program was:
| /* confdefs.h.  */
| 
| #define PACKAGE_NAME ""
| #define PACKAGE_TARNAME ""
| #define PACKAGE_VERSION ""
| #define PACKAGE_STRING ""
| #define PACKAGE_BUGREPORT ""
| #define PACKAGE "lookup"
| #define VERSION "0.1"
| #define STDC_HEADERS 1
| #define HAVE_SYS_TYPES_H 1
| #define HAVE_SYS_STAT_H 1
| #define HAVE_STDLIB_H 1
| #define HAVE_STRING_H 1
| #define HAVE_MEMORY_H 1
| #define HAVE_STRINGS_H 1
| #define HAVE_INTTYPES_H 1
| #define HAVE_STDINT_H 1
| #define HAVE_UNISTD_H 1
| #define HAVE_DLFCN_H 1
| /* end confdefs.h.  */
| 
| int
| main ()
| {
| #ifndef __GNUC__
|        choke me
| #endif
| 
|   ;
|   return 0;
| }
configure:6441: result: no
configure:6447: checking whether g++ accepts -g
configure:6468: g++ -c -g  conftest.cc >&5
./configure: line 6469: g++: command not found
configure:6474: $? = 127
configure: failed program was:
| /* confdefs.h.  */
| 
| #define PACKAGE_NAME ""
| #define PACKAGE_TARNAME ""
| #define PACKAGE_VERSION ""
| #define PACKAGE_STRING ""
| #define PACKAGE_BUGREPORT ""
| #define PACKAGE "lookup"
| #define VERSION "0.1"
| #define STDC_HEADERS 1
| #define HAVE_SYS_TYPES_H 1
| #define HAVE_SYS_STAT_H 1
| #define HAVE_STDLIB_H 1
| #define HAVE_STRING_H 1
| #define HAVE_MEMORY_H 1
| #define HAVE_STRINGS_H 1
| #define HAVE_INTTYPES_H 1
| #define HAVE_STDINT_H 1
| #define HAVE_UNISTD_H 1
| #define HAVE_DLFCN_H 1
| /* end confdefs.h.  */
| 
| int
| main ()
| {
| 
|   ;
|   return 0;
| }
configure:6497: result: no
configure:6539: g++ -c   conftest.cc >&5
./configure: line 6540: g++: command not found
configure:6545: $? = 127
configure: failed program was:
| /* confdefs.h.  */
| 
| #define PACKAGE_NAME ""
| #define PACKAGE_TARNAME ""
| #define PACKAGE_VERSION ""
| #define PACKAGE_STRING ""
| #define PACKAGE_BUGREPORT ""
| #define PACKAGE "lookup"
| #define VERSION "0.1"
| #define STDC_HEADERS 1
| #define HAVE_SYS_TYPES_H 1
| #define HAVE_SYS_STAT_H 1
| #define HAVE_STDLIB_H 1
| #define HAVE_STRING_H 1
| #define HAVE_MEMORY_H 1
| #define HAVE_STRINGS_H 1
| #define HAVE_INTTYPES_H 1
| #define HAVE_STDINT_H 1
| #define HAVE_UNISTD_H 1
| #define HAVE_DLFCN_H 1
| /* end confdefs.h.  */
| 
| #include <stdlib.h>
| int
| main ()
| {
| exit (42);
|   ;
|   return 0;
| }
configure:6539: g++ -c   conftest.cc >&5
./configure: line 6540: g++: command not found
configure:6545: $? = 127
configure: failed program was:
| /* confdefs.h.  */
| 
| #define PACKAGE_NAME ""
| #define PACKAGE_TARNAME ""
| #define PACKAGE_VERSION ""
| #define PACKAGE_STRING ""
| #define PACKAGE_BUGREPORT ""
| #define PACKAGE "lookup"
| #define VERSION "0.1"
| #define STDC_HEADERS 1
| #define HAVE_SYS_TYPES_H 1
| #define HAVE_SYS_STAT_H 1
| #define HAVE_STDLIB_H 1
| #define HAVE_STRING_H 1
| #define HAVE_MEMORY_H 1
| #define HAVE_STRINGS_H 1
| #define HAVE_INTTYPES_H 1
| #define HAVE_STDINT_H 1
| #define HAVE_UNISTD_H 1
| #define HAVE_DLFCN_H 1
| /* end confdefs.h.  */
| extern "C" void std::exit (int) throw (); using std::exit;
| #include <stdlib.h>
| int
| main ()
| {
| exit (42);
|   ;
|   return 0;
| }
configure:6539: g++ -c   conftest.cc >&5
./configure: line 6540: g++: command not found
configure:6545: $? = 127
configure: failed program was:
| /* confdefs.h.  */
| 
| #define PACKAGE_NAME ""
| #define PACKAGE_TARNAME ""
| #define PACKAGE_VERSION ""
| #define PACKAGE_STRING ""
| #define PACKAGE_BUGREPORT ""
| #define PACKAGE "lookup"
| #define VERSION "0.1"
| #define STDC_HEADERS 1
| #define HAVE_SYS_TYPES_H 1
| #define HAVE_SYS_STAT_H 1
| #define HAVE_STDLIB_H 1
| #define HAVE_STRING_H 1
| #define HAVE_MEMORY_H 1
| #define HAVE_STRINGS_H 1
| #define HAVE_INTTYPES_H 1
| #define HAVE_STDINT_H 1
| #define HAVE_UNISTD_H 1
| #define HAVE_DLFCN_H 1
| /* end confdefs.h.  */
| extern "C" void std::exit (int); using std::exit;
| #include <stdlib.h>
| int
| main ()
| {
| exit (42);
|   ;
|   return 0;
| }
configure:6539: g++ -c   conftest.cc >&5
./configure: line 6540: g++: command not found
configure:6545: $? = 127
configure: failed program was:
| /* confdefs.h.  */
| 
| #define PACKAGE_NAME ""
| #define PACKAGE_TARNAME ""
| #define PACKAGE_VERSION ""
| #define PACKAGE_STRING ""
| #define PACKAGE_BUGREPORT ""
| #define PACKAGE "lookup"
| #define VERSION "0.1"
| #define STDC_HEADERS 1
| #define HAVE_SYS_TYPES_H 1
| #define HAVE_SYS_STAT_H 1
| #define HAVE_STDLIB_H 1
| #define HAVE_STRING_H 1
| #define HAVE_MEMORY_H 1
| #define HAVE_STRINGS_H 1
| #define HAVE_INTTYPES_H 1
| #define HAVE_STDINT_H 1
| #define HAVE_UNISTD_H 1
| #define HAVE_DLFCN_H 1
| /* end confdefs.h.  */
| extern "C" void exit (int) throw ();
| #include <stdlib.h>
| int
| main ()
| {
| exit (42);
|   ;
|   return 0;
| }
configure:6539: g++ -c   conftest.cc >&5
./configure: line 6540: g++: command not found
configure:6545: $? = 127
configure: failed program was:
| /* confdefs.h.  */
| 
| #define PACKAGE_NAME ""
| #define PACKAGE_TARNAME ""
| #define PACKAGE_VERSION ""
| #define PACKAGE_STRING ""
| #define PACKAGE_BUGREPORT ""
| #define PACKAGE "lookup"
| #define VERSION "0.1"
| #define STDC_HEADERS 1
| #define HAVE_SYS_TYPES_H 1
| #define HAVE_SYS_STAT_H 1
| #define HAVE_STDLIB_H 1
| #define HAVE_STRING_H 1
| #define HAVE_MEMORY_H 1
| #define HAVE_STRINGS_H 1
| #define HAVE_INTTYPES_H 1
| #define HAVE_STDINT_H 1
| #define HAVE_UNISTD_H 1
| #define HAVE_DLFCN_H 1
| /* end confdefs.h.  */
| extern "C" void exit (int);
| #include <stdlib.h>
| int
| main ()
| {
| exit (42);
|   ;
|   return 0;
| }
configure:6539: g++ -c   conftest.cc >&5
./configure: line 6540: g++: command not found
configure:6545: $? = 127
configure: failed program was:
| /* confdefs.h.  */
| 
| #define PACKAGE_NAME ""
| #define PACKAGE_TARNAME ""
| #define PACKAGE_VERSION ""
| #define PACKAGE_STRING ""
| #define PACKAGE_BUGREPORT ""
| #define PACKAGE "lookup"
| #define VERSION "0.1"
| #define STDC_HEADERS 1
| #define HAVE_SYS_TYPES_H 1
| #define HAVE_SYS_STAT_H 1
| #define HAVE_STDLIB_H 1
| #define HAVE_STRING_H 1
| #define HAVE_MEMORY_H 1
| #define HAVE_STRINGS_H 1
| #define HAVE_INTTYPES_H 1
| #define HAVE_STDINT_H 1
| #define HAVE_UNISTD_H 1
| #define HAVE_DLFCN_H 1
| /* end confdefs.h.  */
| void exit (int);
| #include <stdlib.h>
| int
| main ()
| {
| exit (42);
|   ;
|   return 0;
| }
configure:6626: checking dependency style of g++
configure:6716: result: none
configure:7022: checking for g77
configure:7051: result: no
configure:7022: checking for f77
configure:7051: result: no
configure:7022: checking for xlf
configure:7051: result: no
configure:7022: checking for frt
configure:7051: result: no
configure:7022: checking for pgf77
configure:7051: result: no
configure:7022: checking for fort77
configure:7051: result: no
configure:7022: checking for fl32
configure:7051: result: no
configure:7022: checking for af77
configure:7051: result: no
configure:7022: checking for f90
configure:7051: result: no
configure:7022: checking for xlf90
configure:7051: result: no
configure:7022: checking for pgf90
configure:7051: result: no
configure:7022: checking for epcf90
configure:7051: result: no
configure:7022: checking for f95
configure:7051: result: no
configure:7022: checking for fort
configure:7051: result: no
configure:7022: checking for xlf95
configure:7051: result: no
configure:7022: checking for ifc
configure:7051: result: no
configure:7022: checking for efc
configure:7051: result: no
configure:7022: checking for pgf95
configure:7051: result: no
configure:7022: checking for lf95
configure:7051: result: no
configure:7022: checking for gfortran
configure:7051: result: no
configure:7063: checking for Fortran 77 compiler version
configure:7066:  --version </dev/null >&5
./configure: line 7067: --version: command not found
configure:7069: $? = 127
configure:7071:  -v </dev/null >&5
./configure: line 7072: -v: command not found
configure:7074: $? = 127
configure:7076:  -V </dev/null >&5
./configure: line 7077: -V: command not found
configure:7079: $? = 127
configure:7087: checking whether we are using the GNU Fortran 77 compiler
configure:7101:  -c  conftest.F >&5
./configure: line 7102: -c: command not found
configure:7107: $? = 127
configure: failed program was:
|       program main
| #ifndef __GNUC__
|        choke me
| #endif
| 
|       end
configure:7132: result: no
configure:7138: checking whether  accepts -g
configure:7150:  -c -g conftest.f >&5
./configure: line 7151: -c: command not found
configure:7156: $? = 127
configure: failed program was:
|       program main
| 
|       end
configure:7180: result: no
configure:7210: checking the maximum length of command line arguments
configure:7319: result: 32768
configure:7330: checking command to parse /usr/bin/nm -B output from gcc object
configure:7435: gcc -c -g -O2  conftest.c >&5
configure:7438: $? = 0
configure:7442: /usr/bin/nm -B conftest.o \| sed -n -e 's/^.*[ 	]\([ABCDGIRSTW][ABCDGIRSTW]*\)[ 	][ 	]*\([_A-Za-z][_A-Za-z0-9]*\)$/\1 \2 \2/p' \> conftest.nm
configure:7445: $? = 0
configure:7497: gcc -o conftest -g -O2   conftest.c conftstm.o >&5
configure:7500: $? = 0
configure:7538: result: ok
configure:7542: checking for objdir
configure:7557: result: .libs
configure:7647: checking for ar
configure:7663: found /usr/bin/ar
configure:7674: result: ar
configure:7727: checking for ranlib
configure:7743: found /usr/bin/ranlib
configure:7754: result: ranlib
configure:7807: checking for strip
configure:7823: found /usr/bin/strip
configure:7834: result: strip
configure:8106: checking if gcc supports -fno-rtti -fno-exceptions
configure:8124: gcc -c -g -O2  -fno-rtti -fno-exceptions conftest.c >&5
cc1: warning: command line option "-fno-rtti" is valid for C++/ObjC++ but not for C
configure:8128: $? = 0
configure:8141: result: no
configure:8156: checking for gcc option to produce PIC
configure:8366: result: -fPIC
configure:8374: checking if gcc PIC flag -fPIC works
configure:8392: gcc -c -g -O2  -fPIC -DPIC conftest.c >&5
configure:8396: $? = 0
configure:8409: result: yes
configure:8437: checking if gcc static flag -static works
configure:8465: result: yes
configure:8475: checking if gcc supports -c -o file.o
configure:8496: gcc -c -g -O2  -o out/conftest2.o conftest.c >&5
configure:8500: $? = 0
configure:8522: result: yes
configure:8548: checking whether the gcc linker (/usr/bin/ld) supports shared libraries
configure:9514: result: yes
configure:9535: checking whether -lc should be explicitly linked in
configure:9540: gcc -c -g -O2  conftest.c >&5
configure:9543: $? = 0
configure:9558: gcc -shared conftest.o  -v -Wl,-soname -Wl,conftest -o conftest 2\>\&1 \| grep  -lc  \>/dev/null 2\>\&1
configure:9561: $? = 0
configure:9573: result: no
configure:9581: checking dynamic linker characteristics
configure:10181: result: GNU/Linux ld.so
configure:10190: checking how to hardcode library paths into programs
configure:10215: result: immediate
configure:10229: checking whether stripping libraries is possible
configure:10234: result: yes
configure:11061: checking if libtool supports shared libraries
configure:11063: result: yes
configure:11066: checking whether to build shared libraries
configure:11087: result: yes
configure:11090: checking whether to build static libraries
configure:11094: result: yes
configure:11186: creating libtool
configure:20418: checking for pkg-config
configure:20436: found /usr/bin/pkg-config
configure:20448: result: /usr/bin/pkg-config
configure:20463: checking pkg-config is at least version 0.9.0
configure:20466: result: yes
configure:20477: checking for GNOME
configure:20485: $PKG_CONFIG --exists --print-errors "libgnomeui-2.0 gtk+-2.0"
configure:20488: $? = 0
configure:20503: $PKG_CONFIG --exists --print-errors "libgnomeui-2.0 gtk+-2.0"
configure:20506: $? = 0
configure:20540: result: yes
configure:20571: checking whether NLS is requested
configure:20580: result: yes
configure:20618: checking for msgfmt
configure: trying /usr/bin/msgfmt...
0 translated messages.
configure:20650: result: /usr/bin/msgfmt
configure:20659: checking for gmsgfmt
configure:20690: result: /usr/bin/msgfmt
configure:20729: checking for xgettext
configure: trying /usr/bin/xgettext...
/usr/bin/xgettext: warning: file `/dev/null' extension `' is unknown; will try C
configure:20761: result: /usr/bin/xgettext
configure:20801: checking for msgmerge
configure: trying /usr/bin/msgmerge...
configure:20832: result: /usr/bin/msgmerge
configure:20868: checking whether we are using the GNU C Library 2 or newer
configure:20899: result: yes
configure:20946: checking for ranlib
configure:20973: result: ranlib
configure:20985: checking for an ANSI C-conforming const
configure:21052: gcc -c -g -O2  conftest.c >&5
configure:21058: $? = 0
configure:21061: test -z 			 || test ! -s conftest.err
configure:21064: $? = 0
configure:21067: test -s conftest.o
configure:21070: $? = 0
configure:21081: result: yes
configure:21092: checking for signed
configure:21113: gcc -c -g -O2  conftest.c >&5
configure:21119: $? = 0
configure:21122: test -z 			 || test ! -s conftest.err
configure:21125: $? = 0
configure:21128: test -s conftest.o
configure:21131: $? = 0
configure:21142: result: yes
configure:21152: checking for inline
configure:21173: gcc -c -g -O2  conftest.c >&5
configure:21179: $? = 0
configure:21182: test -z 			 || test ! -s conftest.err
configure:21185: $? = 0
configure:21188: test -s conftest.o
configure:21191: $? = 0
configure:21203: result: inline
configure:21222: checking for off_t
configure:21246: gcc -c -g -O2  conftest.c >&5
configure:21252: $? = 0
configure:21255: test -z 			 || test ! -s conftest.err
configure:21258: $? = 0
configure:21261: test -s conftest.o
configure:21264: $? = 0
configure:21275: result: yes
configure:21287: checking for size_t
configure:21311: gcc -c -g -O2  conftest.c >&5
configure:21317: $? = 0
configure:21320: test -z 			 || test ! -s conftest.err
configure:21323: $? = 0
configure:21326: test -s conftest.o
configure:21329: $? = 0
configure:21340: result: yes
configure:21353: checking for long long
configure:21375: gcc -o conftest -g -O2   conftest.c  >&5
configure:21381: $? = 0
configure:21384: test -z 			 || test ! -s conftest.err
configure:21387: $? = 0
configure:21390: test -s conftest
configure:21393: $? = 0
configure:21405: result: yes
configure:21416: checking for long double
configure:21475: result: yes
configure:21486: checking for wchar_t
configure:21508: gcc -c -g -O2  conftest.c >&5
configure:21514: $? = 0
configure:21517: test -z 			 || test ! -s conftest.err
configure:21520: $? = 0
configure:21523: test -s conftest.o
configure:21526: $? = 0
configure:21537: result: yes
configure:21548: checking for wint_t
configure:21570: gcc -c -g -O2  conftest.c >&5
configure:21576: $? = 0
configure:21579: test -z 			 || test ! -s conftest.err
configure:21582: $? = 0
configure:21585: test -s conftest.o
configure:21588: $? = 0
configure:21599: result: yes
configure:21610: checking for inttypes.h
configure:21632: gcc -c -g -O2  conftest.c >&5
configure:21638: $? = 0
configure:21641: test -z 			 || test ! -s conftest.err
configure:21644: $? = 0
configure:21647: test -s conftest.o
configure:21650: $? = 0
configure:21661: result: yes
configure:21672: checking for stdint.h
configure:21694: gcc -c -g -O2  conftest.c >&5
configure:21700: $? = 0
configure:21703: test -z 			 || test ! -s conftest.err
configure:21706: $? = 0
configure:21709: test -s conftest.o
configure:21712: $? = 0
configure:21723: result: yes
configure:21736: checking for intmax_t
configure:21766: gcc -c -g -O2  conftest.c >&5
configure:21772: $? = 0
configure:21775: test -z 			 || test ! -s conftest.err
configure:21778: $? = 0
configure:21781: test -s conftest.o
configure:21784: $? = 0
configure:21795: result: yes
configure:21807: checking whether printf() supports POSIX/XSI format strings
configure:21857: gcc -o conftest -g -O2   conftest.c  >&5
configure:21860: $? = 0
configure:21862: ./conftest
configure:21865: $? = 0
configure:21880: result: yes
configure:21894: checking for working alloca.h
configure:21915: gcc -o conftest -g -O2   conftest.c  >&5
configure:21921: $? = 0
configure:21924: test -z 			 || test ! -s conftest.err
configure:21927: $? = 0
configure:21930: test -s conftest
configure:21933: $? = 0
configure:21945: result: yes
configure:21955: checking for alloca
configure:21996: gcc -o conftest -g -O2   conftest.c  >&5
configure:22002: $? = 0
configure:22005: test -z 			 || test ! -s conftest.err
configure:22008: $? = 0
configure:22011: test -s conftest
configure:22014: $? = 0
configure:22026: result: yes
configure:22254: checking for stdlib.h
configure:22259: result: yes
configure:22254: checking for unistd.h
configure:22259: result: yes
configure:22402: checking for getpagesize
configure:22459: gcc -o conftest -g -O2   conftest.c  >&5
configure:22465: $? = 0
configure:22468: test -z 			 || test ! -s conftest.err
configure:22471: $? = 0
configure:22474: test -s conftest
configure:22477: $? = 0
configure:22489: result: yes
configure:22499: checking for working mmap
configure:22641: gcc -o conftest -g -O2   conftest.c  >&5
configure:22644: $? = 0
configure:22646: ./conftest
configure:22649: $? = 0
configure:22663: result: yes
configure:22675: checking whether we are using the GNU C Library 2.1 or newer
configure:22706: result: yes
configure:22714: checking whether integer division by zero raises SIGFPE
configure:22776: gcc -o conftest -g -O2   conftest.c  >&5
configure:22779: $? = 0
configure:22781: ./conftest
configure:22784: $? = 0
configure:22799: result: yes
configure:22812: checking for unsigned long long
configure:22834: gcc -o conftest -g -O2   conftest.c  >&5
configure:22840: $? = 0
configure:22843: test -z 			 || test ! -s conftest.err
configure:22846: $? = 0
configure:22849: test -s conftest
configure:22852: $? = 0
configure:22864: result: yes
configure:22896: checking for inttypes.h
configure:22919: gcc -c -g -O2  conftest.c >&5
configure:22925: $? = 0
configure:22928: test -z 			 || test ! -s conftest.err
configure:22931: $? = 0
configure:22934: test -s conftest.o
configure:22937: $? = 0
configure:22949: result: yes
configure:22962: checking whether the inttypes.h PRIxNN macros are broken
configure:22988: gcc -c -g -O2  conftest.c >&5
configure:22994: $? = 0
configure:22997: test -z 			 || test ! -s conftest.err
configure:23000: $? = 0
configure:23003: test -s conftest.o
configure:23006: $? = 0
configure:23018: result: no
configure:23035: checking for stdint.h
configure:23040: result: yes
configure:23179: checking for SIZE_MAX
configure:24226: result: yes
configure:24244: checking for stdint.h
configure:24249: result: yes
configure:24390: checking for CFPreferencesCopyAppValue
configure:24415: gcc -o conftest -g -O2  -I/System/Library/Frameworks/CoreFoundation.framework/Headers  conftest.c  -framework CoreFoundation >&5
gcc: CoreFoundation: No such file or directory
cc1: error: unrecognized command line option "-framework"
configure:24421: $? = 1
configure: failed program was:
| /* confdefs.h.  */
| 
| #define PACKAGE_NAME ""
| #define PACKAGE_TARNAME ""
| #define PACKAGE_VERSION ""
| #define PACKAGE_STRING ""
| #define PACKAGE_BUGREPORT ""
| #define PACKAGE "lookup"
| #define VERSION "0.1"
| #define STDC_HEADERS 1
| #define HAVE_SYS_TYPES_H 1
| #define HAVE_SYS_STAT_H 1
| #define HAVE_STDLIB_H 1
| #define HAVE_STRING_H 1
| #define HAVE_MEMORY_H 1
| #define HAVE_STRINGS_H 1
| #define HAVE_INTTYPES_H 1
| #define HAVE_STDINT_H 1
| #define HAVE_UNISTD_H 1
| #define HAVE_DLFCN_H 1
| #ifdef __cplusplus
| void exit (int);
| #endif
| #define GETTEXT_PACKAGE "lookup"
| #define HAVE_LONG_LONG 1
| #define HAVE_LONG_DOUBLE 1
| #define HAVE_WCHAR_T 1
| #define HAVE_WINT_T 1
| #define HAVE_INTTYPES_H_WITH_UINTMAX 1
| #define HAVE_STDINT_H_WITH_UINTMAX 1
| #define HAVE_INTMAX_T 1
| #define HAVE_POSIX_PRINTF 1
| #define HAVE_ALLOCA_H 1
| #define HAVE_ALLOCA 1
| #define HAVE_STDLIB_H 1
| #define HAVE_UNISTD_H 1
| #define HAVE_GETPAGESIZE 1
| #define HAVE_MMAP 1
| #define INTDIV0_RAISES_SIGFPE 1
| #define HAVE_UNSIGNED_LONG_LONG 1
| #define HAVE_UINTMAX_T 1
| #define HAVE_INTTYPES_H 1
| #define HAVE_STDINT_H 1
| #define HAVE_STDINT_H 1
| /* end confdefs.h.  */
| #include <CFPreferences.h>
| int
| main ()
| {
| CFPreferencesCopyAppValue(NULL, NULL)
|   ;
|   return 0;
| }
configure:24447: result: no
configure:24456: checking for CFLocaleCopyCurrent
configure:24481: gcc -o conftest -g -O2  -I/System/Library/Frameworks/CoreFoundation.framework/Headers  conftest.c  -framework CoreFoundation >&5
gcc: CoreFoundation: No such file or directory
cc1: error: unrecognized command line option "-framework"
configure:24487: $? = 1
configure: failed program was:
| /* confdefs.h.  */
| 
| #define PACKAGE_NAME ""
| #define PACKAGE_TARNAME ""
| #define PACKAGE_VERSION ""
| #define PACKAGE_STRING ""
| #define PACKAGE_BUGREPORT ""
| #define PACKAGE "lookup"
| #define VERSION "0.1"
| #define STDC_HEADERS 1
| #define HAVE_SYS_TYPES_H 1
| #define HAVE_SYS_STAT_H 1
| #define HAVE_STDLIB_H 1
| #define HAVE_STRING_H 1
| #define HAVE_MEMORY_H 1
| #define HAVE_STRINGS_H 1
| #define HAVE_INTTYPES_H 1
| #define HAVE_STDINT_H 1
| #define HAVE_UNISTD_H 1
| #define HAVE_DLFCN_H 1
| #ifdef __cplusplus
| void exit (int);
| #endif
| #define GETTEXT_PACKAGE "lookup"
| #define HAVE_LONG_LONG 1
| #define HAVE_LONG_DOUBLE 1
| #define HAVE_WCHAR_T 1
| #define HAVE_WINT_T 1
| #define HAVE_INTTYPES_H_WITH_UINTMAX 1
| #define HAVE_STDINT_H_WITH_UINTMAX 1
| #define HAVE_INTMAX_T 1
| #define HAVE_POSIX_PRINTF 1
| #define HAVE_ALLOCA_H 1
| #define HAVE_ALLOCA 1
| #define HAVE_STDLIB_H 1
| #define HAVE_UNISTD_H 1
| #define HAVE_GETPAGESIZE 1
| #define HAVE_MMAP 1
| #define INTDIV0_RAISES_SIGFPE 1
| #define HAVE_UNSIGNED_LONG_LONG 1
| #define HAVE_UINTMAX_T 1
| #define HAVE_INTTYPES_H 1
| #define HAVE_STDINT_H 1
| #define HAVE_STDINT_H 1
| /* end confdefs.h.  */
| #include <CFLocale.h>
| int
| main ()
| {
| CFLocaleCopyCurrent();
|   ;
|   return 0;
| }
configure:24513: result: no
configure:24568: checking for ld used by GCC
configure:24632: result: /usr/bin/ld
configure:24641: checking if the linker (/usr/bin/ld) is GNU ld
configure:24654: result: yes
configure:24661: checking for shared library run path origin
configure:24674: result: done
configure:25080: checking for ptrdiff_t
configure:25104: gcc -c -g -O2  conftest.c >&5
configure:25110: $? = 0
configure:25113: test -z 			 || test ! -s conftest.err
configure:25116: $? = 0
configure:25119: test -s conftest.o
configure:25122: $? = 0
configure:25133: result: yes
configure:25170: checking argz.h usability
configure:25182: gcc -c -g -O2  conftest.c >&5
configure:25188: $? = 0
configure:25191: test -z 			 || test ! -s conftest.err
configure:25194: $? = 0
configure:25197: test -s conftest.o
configure:25200: $? = 0
configure:25210: result: yes
configure:25214: checking argz.h presence
configure:25224: gcc -E  conftest.c
configure:25230: $? = 0
configure:25250: result: yes
configure:25285: checking for argz.h
configure:25292: result: yes
configure:25170: checking limits.h usability
configure:25182: gcc -c -g -O2  conftest.c >&5
configure:25188: $? = 0
configure:25191: test -z 			 || test ! -s conftest.err
configure:25194: $? = 0
configure:25197: test -s conftest.o
configure:25200: $? = 0
configure:25210: result: yes
configure:25214: checking limits.h presence
configure:25224: gcc -E  conftest.c
configure:25230: $? = 0
configure:25250: result: yes
configure:25285: checking for limits.h
configure:25292: result: yes
configure:25170: checking locale.h usability
configure:25182: gcc -c -g -O2  conftest.c >&5
configure:25188: $? = 0
configure:25191: test -z 			 || test ! -s conftest.err
configure:25194: $? = 0
configure:25197: test -s conftest.o
configure:25200: $? = 0
configure:25210: result: yes
configure:25214: checking locale.h presence
configure:25224: gcc -E  conftest.c
configure:25230: $? = 0
configure:25250: result: yes
configure:25285: checking for locale.h
configure:25292: result: yes
configure:25170: checking nl_types.h usability
configure:25182: gcc -c -g -O2  conftest.c >&5
configure:25188: $? = 0
configure:25191: test -z 			 || test ! -s conftest.err
configure:25194: $? = 0
configure:25197: test -s conftest.o
configure:25200: $? = 0
configure:25210: result: yes
configure:25214: checking nl_types.h presence
configure:25224: gcc -E  conftest.c
configure:25230: $? = 0
configure:25250: result: yes
configure:25285: checking for nl_types.h
configure:25292: result: yes
configure:25170: checking malloc.h usability
configure:25182: gcc -c -g -O2  conftest.c >&5
configure:25188: $? = 0
configure:25191: test -z 			 || test ! -s conftest.err
configure:25194: $? = 0
configure:25197: test -s conftest.o
configure:25200: $? = 0
configure:25210: result: yes
configure:25214: checking malloc.h presence
configure:25224: gcc -E  conftest.c
configure:25230: $? = 0
configure:25250: result: yes
configure:25285: checking for malloc.h
configure:25292: result: yes
configure:25170: checking stddef.h usability
configure:25182: gcc -c -g -O2  conftest.c >&5
configure:25188: $? = 0
configure:25191: test -z 			 || test ! -s conftest.err
configure:25194: $? = 0
configure:25197: test -s conftest.o
configure:25200: $? = 0
configure:25210: result: yes
configure:25214: checking stddef.h presence
configure:25224: gcc -E  conftest.c
configure:25230: $? = 0
configure:25250: result: yes
configure:25285: checking for stddef.h
configure:25292: result: yes
configure:25161: checking for stdlib.h
configure:25166: result: yes
configure:25161: checking for string.h
configure:25166: result: yes
configure:25161: checking for unistd.h
configure:25166: result: yes
configure:25170: checking sys/param.h usability
configure:25182: gcc -c -g -O2  conftest.c >&5
configure:25188: $? = 0
configure:25191: test -z 			 || test ! -s conftest.err
configure:25194: $? = 0
configure:25197: test -s conftest.o
configure:25200: $? = 0
configure:25210: result: yes
configure:25214: checking sys/param.h presence
configure:25224: gcc -E  conftest.c
configure:25230: $? = 0
configure:25250: result: yes
configure:25285: checking for sys/param.h
configure:25292: result: yes
configure:25334: checking for asprintf
configure:25391: gcc -o conftest -g -O2   conftest.c  >&5
configure:25397: $? = 0
configure:25400: test -z 			 || test ! -s conftest.err
configure:25403: $? = 0
configure:25406: test -s conftest
configure:25409: $? = 0
configure:25421: result: yes
configure:25334: checking for fwprintf
configure:25391: gcc -o conftest -g -O2   conftest.c  >&5
configure:25397: $? = 0
configure:25400: test -z 			 || test ! -s conftest.err
configure:25403: $? = 0
configure:25406: test -s conftest
configure:25409: $? = 0
configure:25421: result: yes
configure:25334: checking for getcwd
configure:25391: gcc -o conftest -g -O2   conftest.c  >&5
configure:25397: $? = 0
configure:25400: test -z 			 || test ! -s conftest.err
configure:25403: $? = 0
configure:25406: test -s conftest
configure:25409: $? = 0
configure:25421: result: yes
configure:25334: checking for getegid
configure:25391: gcc -o conftest -g -O2   conftest.c  >&5
configure:25397: $? = 0
configure:25400: test -z 			 || test ! -s conftest.err
configure:25403: $? = 0
configure:25406: test -s conftest
configure:25409: $? = 0
configure:25421: result: yes
configure:25334: checking for geteuid
configure:25391: gcc -o conftest -g -O2   conftest.c  >&5
configure:25397: $? = 0
configure:25400: test -z 			 || test ! -s conftest.err
configure:25403: $? = 0
configure:25406: test -s conftest
configure:25409: $? = 0
configure:25421: result: yes
configure:25334: checking for getgid
configure:25391: gcc -o conftest -g -O2   conftest.c  >&5
configure:25397: $? = 0
configure:25400: test -z 			 || test ! -s conftest.err
configure:25403: $? = 0
configure:25406: test -s conftest
configure:25409: $? = 0
configure:25421: result: yes
configure:25334: checking for getuid
configure:25391: gcc -o conftest -g -O2   conftest.c  >&5
configure:25397: $? = 0
configure:25400: test -z 			 || test ! -s conftest.err
configure:25403: $? = 0
configure:25406: test -s conftest
configure:25409: $? = 0
configure:25421: result: yes
configure:25334: checking for mempcpy
configure:25391: gcc -o conftest -g -O2   conftest.c  >&5
conftest.c:87: warning: conflicting types for built-in function 'mempcpy'
configure:25397: $? = 0
configure:25400: test -z 			 || test ! -s conftest.err
configure:25403: $? = 0
configure:25406: test -s conftest
configure:25409: $? = 0
configure:25421: result: yes
configure:25334: checking for munmap
configure:25391: gcc -o conftest -g -O2   conftest.c  >&5
configure:25397: $? = 0
configure:25400: test -z 			 || test ! -s conftest.err
configure:25403: $? = 0
configure:25406: test -s conftest
configure:25409: $? = 0
configure:25421: result: yes
configure:25334: checking for putenv
configure:25391: gcc -o conftest -g -O2   conftest.c  >&5
configure:25397: $? = 0
configure:25400: test -z 			 || test ! -s conftest.err
configure:25403: $? = 0
configure:25406: test -s conftest
configure:25409: $? = 0
configure:25421: result: yes
configure:25334: checking for setenv
configure:25391: gcc -o conftest -g -O2   conftest.c  >&5
configure:25397: $? = 0
configure:25400: test -z 			 || test ! -s conftest.err
configure:25403: $? = 0
configure:25406: test -s conftest
configure:25409: $? = 0
configure:25421: result: yes
configure:25334: checking for setlocale
configure:25391: gcc -o conftest -g -O2   conftest.c  >&5
configure:25397: $? = 0
configure:25400: test -z 			 || test ! -s conftest.err
configure:25403: $? = 0
configure:25406: test -s conftest
configure:25409: $? = 0
configure:25421: result: yes
configure:25334: checking for snprintf
configure:25391: gcc -o conftest -g -O2   conftest.c  >&5
conftest.c:92: warning: conflicting types for built-in function 'snprintf'
configure:25397: $? = 0
configure:25400: test -z 			 || test ! -s conftest.err
configure:25403: $? = 0
configure:25406: test -s conftest
configure:25409: $? = 0
configure:25421: result: yes
configure:25334: checking for stpcpy
configure:25391: gcc -o conftest -g -O2   conftest.c  >&5
conftest.c:93: warning: conflicting types for built-in function 'stpcpy'
configure:25397: $? = 0
configure:25400: test -z 			 || test ! -s conftest.err
configure:25403: $? = 0
configure:25406: test -s conftest
configure:25409: $? = 0
configure:25421: result: yes
configure:25334: checking for strcasecmp
configure:25391: gcc -o conftest -g -O2   conftest.c  >&5
configure:25397: $? = 0
configure:25400: test -z 			 || test ! -s conftest.err
configure:25403: $? = 0
configure:25406: test -s conftest
configure:25409: $? = 0
configure:25421: result: yes
configure:25334: checking for strdup
configure:25391: gcc -o conftest -g -O2   conftest.c  >&5
conftest.c:95: warning: conflicting types for built-in function 'strdup'
configure:25397: $? = 0
configure:25400: test -z 			 || test ! -s conftest.err
configure:25403: $? = 0
configure:25406: test -s conftest
configure:25409: $? = 0
configure:25421: result: yes
configure:25334: checking for strtoul
configure:25391: gcc -o conftest -g -O2   conftest.c  >&5
configure:25397: $? = 0
configure:25400: test -z 			 || test ! -s conftest.err
configure:25403: $? = 0
configure:25406: test -s conftest
configure:25409: $? = 0
configure:25421: result: yes
configure:25334: checking for tsearch
configure:25391: gcc -o conftest -g -O2   conftest.c  >&5
configure:25397: $? = 0
configure:25400: test -z 			 || test ! -s conftest.err
configure:25403: $? = 0
configure:25406: test -s conftest
configure:25409: $? = 0
configure:25421: result: yes
configure:25334: checking for wcslen
configure:25391: gcc -o conftest -g -O2   conftest.c  >&5
configure:25397: $? = 0
configure:25400: test -z 			 || test ! -s conftest.err
configure:25403: $? = 0
configure:25406: test -s conftest
configure:25409: $? = 0
configure:25421: result: yes
configure:25334: checking for __argz_count
configure:25391: gcc -o conftest -g -O2   conftest.c  >&5
configure:25397: $? = 0
configure:25400: test -z 			 || test ! -s conftest.err
configure:25403: $? = 0
configure:25406: test -s conftest
configure:25409: $? = 0
configure:25421: result: yes
configure:25334: checking for __argz_stringify
configure:25391: gcc -o conftest -g -O2   conftest.c  >&5
configure:25397: $? = 0
configure:25400: test -z 			 || test ! -s conftest.err
configure:25403: $? = 0
configure:25406: test -s conftest
configure:25409: $? = 0
configure:25421: result: yes
configure:25334: checking for __argz_next
configure:25391: gcc -o conftest -g -O2   conftest.c  >&5
configure:25397: $? = 0
configure:25400: test -z 			 || test ! -s conftest.err
configure:25403: $? = 0
configure:25406: test -s conftest
configure:25409: $? = 0
configure:25421: result: yes
configure:25334: checking for __fsetlocking
configure:25391: gcc -o conftest -g -O2   conftest.c  >&5
configure:25397: $? = 0
configure:25400: test -z 			 || test ! -s conftest.err
configure:25403: $? = 0
configure:25406: test -s conftest
configure:25409: $? = 0
configure:25421: result: yes
configure:25433: checking whether _snprintf is declared
configure:25458: gcc -c -g -O2  conftest.c >&5
conftest.c: In function 'main':
conftest.c:85: error: '_snprintf' undeclared (first use in this function)
conftest.c:85: error: (Each undeclared identifier is reported only once
conftest.c:85: error: for each function it appears in.)
configure:25464: $? = 1
configure: failed program was:
| /* confdefs.h.  */
| 
| #define PACKAGE_NAME ""
| #define PACKAGE_TARNAME ""
| #define PACKAGE_VERSION ""
| #define PACKAGE_STRING ""
| #define PACKAGE_BUGREPORT ""
| #define PACKAGE "lookup"
| #define VERSION "0.1"
| #define STDC_HEADERS 1
| #define HAVE_SYS_TYPES_H 1
| #define HAVE_SYS_STAT_H 1
| #define HAVE_STDLIB_H 1
| #define HAVE_STRING_H 1
| #define HAVE_MEMORY_H 1
| #define HAVE_STRINGS_H 1
| #define HAVE_INTTYPES_H 1
| #define HAVE_STDINT_H 1
| #define HAVE_UNISTD_H 1
| #define HAVE_DLFCN_H 1
| #ifdef __cplusplus
| void exit (int);
| #endif
| #define GETTEXT_PACKAGE "lookup"
| #define HAVE_LONG_LONG 1
| #define HAVE_LONG_DOUBLE 1
| #define HAVE_WCHAR_T 1
| #define HAVE_WINT_T 1
| #define HAVE_INTTYPES_H_WITH_UINTMAX 1
| #define HAVE_STDINT_H_WITH_UINTMAX 1
| #define HAVE_INTMAX_T 1
| #define HAVE_POSIX_PRINTF 1
| #define HAVE_ALLOCA_H 1
| #define HAVE_ALLOCA 1
| #define HAVE_STDLIB_H 1
| #define HAVE_UNISTD_H 1
| #define HAVE_GETPAGESIZE 1
| #define HAVE_MMAP 1
| #define INTDIV0_RAISES_SIGFPE 1
| #define HAVE_UNSIGNED_LONG_LONG 1
| #define HAVE_UINTMAX_T 1
| #define HAVE_INTTYPES_H 1
| #define HAVE_STDINT_H 1
| #define HAVE_STDINT_H 1
| #define HAVE_ARGZ_H 1
| #define HAVE_LIMITS_H 1
| #define HAVE_LOCALE_H 1
| #define HAVE_NL_TYPES_H 1
| #define HAVE_MALLOC_H 1
| #define HAVE_STDDEF_H 1
| #define HAVE_STDLIB_H 1
| #define HAVE_STRING_H 1
| #define HAVE_UNISTD_H 1
| #define HAVE_SYS_PARAM_H 1
| #define HAVE_ASPRINTF 1
| #define HAVE_FWPRINTF 1
| #define HAVE_GETCWD 1
| #define HAVE_GETEGID 1
| #define HAVE_GETEUID 1
| #define HAVE_GETGID 1
| #define HAVE_GETUID 1
| #define HAVE_MEMPCPY 1
| #define HAVE_MUNMAP 1
| #define HAVE_PUTENV 1
| #define HAVE_SETENV 1
| #define HAVE_SETLOCALE 1
| #define HAVE_SNPRINTF 1
| #define HAVE_STPCPY 1
| #define HAVE_STRCASECMP 1
| #define HAVE_STRDUP 1
| #define HAVE_STRTOUL 1
| #define HAVE_TSEARCH 1
| #define HAVE_WCSLEN 1
| #define HAVE___ARGZ_COUNT 1
| #define HAVE___ARGZ_STRINGIFY 1
| #define HAVE___ARGZ_NEXT 1
| #define HAVE___FSETLOCKING 1
| /* end confdefs.h.  */
| #include <stdio.h>
| int
| main ()
| {
| 
| #ifndef _snprintf
|   char *p = (char *) _snprintf;
| #endif
| 
|   ;
|   return 0;
| }
configure:25487: result: no
configure:25501: checking whether _snwprintf is declared
configure:25526: gcc -c -g -O2  conftest.c >&5
conftest.c: In function 'main':
conftest.c:86: error: '_snwprintf' undeclared (first use in this function)
conftest.c:86: error: (Each undeclared identifier is reported only once
conftest.c:86: error: for each function it appears in.)
configure:25532: $? = 1
configure: failed program was:
| /* confdefs.h.  */
| 
| #define PACKAGE_NAME ""
| #define PACKAGE_TARNAME ""
| #define PACKAGE_VERSION ""
| #define PACKAGE_STRING ""
| #define PACKAGE_BUGREPORT ""
| #define PACKAGE "lookup"
| #define VERSION "0.1"
| #define STDC_HEADERS 1
| #define HAVE_SYS_TYPES_H 1
| #define HAVE_SYS_STAT_H 1
| #define HAVE_STDLIB_H 1
| #define HAVE_STRING_H 1
| #define HAVE_MEMORY_H 1
| #define HAVE_STRINGS_H 1
| #define HAVE_INTTYPES_H 1
| #define HAVE_STDINT_H 1
| #define HAVE_UNISTD_H 1
| #define HAVE_DLFCN_H 1
| #ifdef __cplusplus
| void exit (int);
| #endif
| #define GETTEXT_PACKAGE "lookup"
| #define HAVE_LONG_LONG 1
| #define HAVE_LONG_DOUBLE 1
| #define HAVE_WCHAR_T 1
| #define HAVE_WINT_T 1
| #define HAVE_INTTYPES_H_WITH_UINTMAX 1
| #define HAVE_STDINT_H_WITH_UINTMAX 1
| #define HAVE_INTMAX_T 1
| #define HAVE_POSIX_PRINTF 1
| #define HAVE_ALLOCA_H 1
| #define HAVE_ALLOCA 1
| #define HAVE_STDLIB_H 1
| #define HAVE_UNISTD_H 1
| #define HAVE_GETPAGESIZE 1
| #define HAVE_MMAP 1
| #define INTDIV0_RAISES_SIGFPE 1
| #define HAVE_UNSIGNED_LONG_LONG 1
| #define HAVE_UINTMAX_T 1
| #define HAVE_INTTYPES_H 1
| #define HAVE_STDINT_H 1
| #define HAVE_STDINT_H 1
| #define HAVE_ARGZ_H 1
| #define HAVE_LIMITS_H 1
| #define HAVE_LOCALE_H 1
| #define HAVE_NL_TYPES_H 1
| #define HAVE_MALLOC_H 1
| #define HAVE_STDDEF_H 1
| #define HAVE_STDLIB_H 1
| #define HAVE_STRING_H 1
| #define HAVE_UNISTD_H 1
| #define HAVE_SYS_PARAM_H 1
| #define HAVE_ASPRINTF 1
| #define HAVE_FWPRINTF 1
| #define HAVE_GETCWD 1
| #define HAVE_GETEGID 1
| #define HAVE_GETEUID 1
| #define HAVE_GETGID 1
| #define HAVE_GETUID 1
| #define HAVE_MEMPCPY 1
| #define HAVE_MUNMAP 1
| #define HAVE_PUTENV 1
| #define HAVE_SETENV 1
| #define HAVE_SETLOCALE 1
| #define HAVE_SNPRINTF 1
| #define HAVE_STPCPY 1
| #define HAVE_STRCASECMP 1
| #define HAVE_STRDUP 1
| #define HAVE_STRTOUL 1
| #define HAVE_TSEARCH 1
| #define HAVE_WCSLEN 1
| #define HAVE___ARGZ_COUNT 1
| #define HAVE___ARGZ_STRINGIFY 1
| #define HAVE___ARGZ_NEXT 1
| #define HAVE___FSETLOCKING 1
| #define HAVE_DECL__SNPRINTF 0
| /* end confdefs.h.  */
| #include <stdio.h>
| int
| main ()
| {
| 
| #ifndef _snwprintf
|   char *p = (char *) _snwprintf;
| #endif
| 
|   ;
|   return 0;
| }
configure:25555: result: no
configure:25570: checking whether feof_unlocked is declared
configure:25595: gcc -c -g -O2  conftest.c >&5
configure:25601: $? = 0
configure:25604: test -z 			 || test ! -s conftest.err
configure:25607: $? = 0
configure:25610: test -s conftest.o
configure:25613: $? = 0
configure:25624: result: yes
configure:25638: checking whether fgets_unlocked is declared
configure:25663: gcc -c -g -O2  conftest.c >&5
conftest.c: In function 'main':
conftest.c:88: error: 'fgets_unlocked' undeclared (first use in this function)
conftest.c:88: error: (Each undeclared identifier is reported only once
conftest.c:88: error: for each function it appears in.)
configure:25669: $? = 1
configure: failed program was:
| /* confdefs.h.  */
| 
| #define PACKAGE_NAME ""
| #define PACKAGE_TARNAME ""
| #define PACKAGE_VERSION ""
| #define PACKAGE_STRING ""
| #define PACKAGE_BUGREPORT ""
| #define PACKAGE "lookup"
| #define VERSION "0.1"
| #define STDC_HEADERS 1
| #define HAVE_SYS_TYPES_H 1
| #define HAVE_SYS_STAT_H 1
| #define HAVE_STDLIB_H 1
| #define HAVE_STRING_H 1
| #define HAVE_MEMORY_H 1
| #define HAVE_STRINGS_H 1
| #define HAVE_INTTYPES_H 1
| #define HAVE_STDINT_H 1
| #define HAVE_UNISTD_H 1
| #define HAVE_DLFCN_H 1
| #ifdef __cplusplus
| void exit (int);
| #endif
| #define GETTEXT_PACKAGE "lookup"
| #define HAVE_LONG_LONG 1
| #define HAVE_LONG_DOUBLE 1
| #define HAVE_WCHAR_T 1
| #define HAVE_WINT_T 1
| #define HAVE_INTTYPES_H_WITH_UINTMAX 1
| #define HAVE_STDINT_H_WITH_UINTMAX 1
| #define HAVE_INTMAX_T 1
| #define HAVE_POSIX_PRINTF 1
| #define HAVE_ALLOCA_H 1
| #define HAVE_ALLOCA 1
| #define HAVE_STDLIB_H 1
| #define HAVE_UNISTD_H 1
| #define HAVE_GETPAGESIZE 1
| #define HAVE_MMAP 1
| #define INTDIV0_RAISES_SIGFPE 1
| #define HAVE_UNSIGNED_LONG_LONG 1
| #define HAVE_UINTMAX_T 1
| #define HAVE_INTTYPES_H 1
| #define HAVE_STDINT_H 1
| #define HAVE_STDINT_H 1
| #define HAVE_ARGZ_H 1
| #define HAVE_LIMITS_H 1
| #define HAVE_LOCALE_H 1
| #define HAVE_NL_TYPES_H 1
| #define HAVE_MALLOC_H 1
| #define HAVE_STDDEF_H 1
| #define HAVE_STDLIB_H 1
| #define HAVE_STRING_H 1
| #define HAVE_UNISTD_H 1
| #define HAVE_SYS_PARAM_H 1
| #define HAVE_ASPRINTF 1
| #define HAVE_FWPRINTF 1
| #define HAVE_GETCWD 1
| #define HAVE_GETEGID 1
| #define HAVE_GETEUID 1
| #define HAVE_GETGID 1
| #define HAVE_GETUID 1
| #define HAVE_MEMPCPY 1
| #define HAVE_MUNMAP 1
| #define HAVE_PUTENV 1
| #define HAVE_SETENV 1
| #define HAVE_SETLOCALE 1
| #define HAVE_SNPRINTF 1
| #define HAVE_STPCPY 1
| #define HAVE_STRCASECMP 1
| #define HAVE_STRDUP 1
| #define HAVE_STRTOUL 1
| #define HAVE_TSEARCH 1
| #define HAVE_WCSLEN 1
| #define HAVE___ARGZ_COUNT 1
| #define HAVE___ARGZ_STRINGIFY 1
| #define HAVE___ARGZ_NEXT 1
| #define HAVE___FSETLOCKING 1
| #define HAVE_DECL__SNPRINTF 0
| #define HAVE_DECL__SNWPRINTF 0
| #define HAVE_DECL_FEOF_UNLOCKED 1
| /* end confdefs.h.  */
| #include <stdio.h>
| int
| main ()
| {
| 
| #ifndef fgets_unlocked
|   char *p = (char *) fgets_unlocked;
| #endif
| 
|   ;
|   return 0;
| }
configure:25692: result: no
configure:25706: checking whether getc_unlocked is declared
configure:25731: gcc -c -g -O2  conftest.c >&5
configure:25737: $? = 0
configure:25740: test -z 			 || test ! -s conftest.err
configure:25743: $? = 0
configure:25746: test -s conftest.o
configure:25749: $? = 0
configure:25760: result: yes
configure:25828: checking for iconv
configure:25855: gcc -o conftest -g -O2   conftest.c  >&5
configure:25861: $? = 0
configure:25864: test -z 			 || test ! -s conftest.err
configure:25867: $? = 0
configure:25870: test -s conftest
configure:25873: $? = 0
configure:25938: result: yes
configure:25961: checking for iconv declaration
configure:25995: gcc -c -g -O2  conftest.c >&5
configure:26001: $? = 0
configure:26004: test -z 			 || test ! -s conftest.err
configure:26007: $? = 0
configure:26010: test -s conftest.o
configure:26013: $? = 0
configure:26028: result: 
         extern size_t iconv (iconv_t cd, char * *inbuf, size_t *inbytesleft, char * *outbuf, size_t *outbytesleft);
configure:26039: checking for nl_langinfo and CODESET
configure:26060: gcc -o conftest -g -O2   conftest.c  >&5
configure:26066: $? = 0
configure:26069: test -z 			 || test ! -s conftest.err
configure:26072: $? = 0
configure:26075: test -s conftest
configure:26078: $? = 0
configure:26091: result: yes
configure:26103: checking for LC_MESSAGES
configure:26124: gcc -o conftest -g -O2   conftest.c  >&5
configure:26130: $? = 0
configure:26133: test -z 			 || test ! -s conftest.err
configure:26136: $? = 0
configure:26139: test -s conftest
configure:26142: $? = 0
configure:26154: result: yes
configure:26174: checking for bison
configure:26190: found /usr/bin/bison
configure:26200: result: bison
configure:26213: checking version of bison
configure:26222: result: 2.1, ok
configure:26244: checking for CFPreferencesCopyAppValue
configure:26301: result: no
configure:26310: checking for CFLocaleCopyCurrent
configure:26367: result: no
configure:26384: checking whether NLS is requested
configure:26393: result: yes
configure:26409: checking whether included gettext is requested
configure:26419: result: no
configure:26430: checking for GNU gettext in libc
configure:26454: gcc -o conftest -g -O2   conftest.c  >&5
configure:26460: $? = 0
configure:26463: test -z 			 || test ! -s conftest.err
configure:26466: $? = 0
configure:26469: test -s conftest
configure:26472: $? = 0
configure:26484: result: yes
configure:27044: checking whether to use NLS
configure:27046: result: yes
configure:27049: checking where the gettext function comes from
configure:27060: result: libc
configure:27361: creating ./config.status

## ---------------------- ##
## Running config.status. ##
## ---------------------- ##

This file was extended by config.status, which was
generated by GNU Autoconf 2.59.  Invocation command line was

  CONFIG_FILES    = 
  CONFIG_HEADERS  = 
  CONFIG_LINKS    = 
  CONFIG_COMMANDS = 
  $ ./config.status 

on pocok

config.status:810: creating Makefile
config.status:810: creating intl/Makefile
config.status:810: creating po/Makefile.in
config.status:810: creating macros/Makefile
config.status:810: creating src/Makefile
config.status:810: creating lookup.desktop
config.status:876: creating config.h
config.status:1344: executing depfiles commands
config.status:1344: executing default-1 commands

## ---------------- ##
## Cache variables. ##
## ---------------- ##

ac_cv_build=i686-pc-linux-gnu
ac_cv_build_alias=i686-pc-linux-gnu
ac_cv_c_compiler_gnu=yes
ac_cv_c_const=yes
ac_cv_c_inline=inline
ac_cv_cxx_compiler_gnu=no
ac_cv_env_CC_set=
ac_cv_env_CC_value=
ac_cv_env_CFLAGS_set=
ac_cv_env_CFLAGS_value=
ac_cv_env_CPPFLAGS_set=
ac_cv_env_CPPFLAGS_value=
ac_cv_env_CPP_set=
ac_cv_env_CPP_value=
ac_cv_env_CXXCPP_set=
ac_cv_env_CXXCPP_value=
ac_cv_env_CXXFLAGS_set=
ac_cv_env_CXXFLAGS_value=
ac_cv_env_CXX_set=
ac_cv_env_CXX_value=
ac_cv_env_F77_set=
ac_cv_env_F77_value=
ac_cv_env_FFLAGS_set=
ac_cv_env_FFLAGS_value=
ac_cv_env_GNOME_CFLAGS_set=
ac_cv_env_GNOME_CFLAGS_value=
ac_cv_env_GNOME_LIBS_set=
ac_cv_env_GNOME_LIBS_value=
ac_cv_env_LDFLAGS_set=
ac_cv_env_LDFLAGS_value=
ac_cv_env_PKG_CONFIG_set=
ac_cv_env_PKG_CONFIG_value=
ac_cv_env_build_alias_set=
ac_cv_env_build_alias_value=
ac_cv_env_host_alias_set=
ac_cv_env_host_alias_value=
ac_cv_env_target_alias_set=
ac_cv_env_target_alias_value=
ac_cv_exeext=
ac_cv_f77_compiler_gnu=no
ac_cv_func___argz_count=yes
ac_cv_func___argz_next=yes
ac_cv_func___argz_stringify=yes
ac_cv_func___fsetlocking=yes
ac_cv_func_alloca_works=yes
ac_cv_func_asprintf=yes
ac_cv_func_fwprintf=yes
ac_cv_func_getcwd=yes
ac_cv_func_getegid=yes
ac_cv_func_geteuid=yes
ac_cv_func_getgid=yes
ac_cv_func_getpagesize=yes
ac_cv_func_getuid=yes
ac_cv_func_mempcpy=yes
ac_cv_func_mmap_fixed_mapped=yes
ac_cv_func_munmap=yes
ac_cv_func_putenv=yes
ac_cv_func_setenv=yes
ac_cv_func_setlocale=yes
ac_cv_func_snprintf=yes
ac_cv_func_stpcpy=yes
ac_cv_func_strcasecmp=yes
ac_cv_func_strdup=yes
ac_cv_func_strtoul=yes
ac_cv_func_tsearch=yes
ac_cv_func_wcslen=yes
ac_cv_gnu_library_2=yes
ac_cv_gnu_library_2_1=yes
ac_cv_have_decl__snprintf=no
ac_cv_have_decl__snwprintf=no
ac_cv_have_decl_feof_unlocked=yes
ac_cv_have_decl_fgets_unlocked=no
ac_cv_have_decl_getc_unlocked=yes
ac_cv_header_argz_h=yes
ac_cv_header_dlfcn_h=yes
ac_cv_header_inttypes_h=yes
ac_cv_header_limits_h=yes
ac_cv_header_locale_h=yes
ac_cv_header_malloc_h=yes
ac_cv_header_memory_h=yes
ac_cv_header_nl_types_h=yes
ac_cv_header_stdc=yes
ac_cv_header_stddef_h=yes
ac_cv_header_stdint_h=yes
ac_cv_header_stdlib_h=yes
ac_cv_header_string_h=yes
ac_cv_header_strings_h=yes
ac_cv_header_sys_param_h=yes
ac_cv_header_sys_stat_h=yes
ac_cv_header_sys_types_h=yes
ac_cv_header_unistd_h=yes
ac_cv_host=i686-pc-linux-gnu
ac_cv_host_alias=i686-pc-linux-gnu
ac_cv_objext=o
ac_cv_path_GMSGFMT=/usr/bin/msgfmt
ac_cv_path_MSGFMT=/usr/bin/msgfmt
ac_cv_path_MSGMERGE=/usr/bin/msgmerge
ac_cv_path_XGETTEXT=/usr/bin/xgettext
ac_cv_path_ac_pt_PKG_CONFIG=/usr/bin/pkg-config
ac_cv_path_install='/usr/bin/install -c'
ac_cv_prog_AWK=mawk
ac_cv_prog_CPP='gcc -E'
ac_cv_prog_INTLBISON=bison
ac_cv_prog_ac_ct_AR=ar
ac_cv_prog_ac_ct_CC=gcc
ac_cv_prog_ac_ct_RANLIB=ranlib
ac_cv_prog_ac_ct_STRIP=strip
ac_cv_prog_cc_g=yes
ac_cv_prog_cc_stdc=
ac_cv_prog_cxx_g=no
ac_cv_prog_egrep='grep -E'
ac_cv_prog_f77_g=no
ac_cv_prog_make_make_set=yes
ac_cv_search_strerror='none required'
ac_cv_type_long_long=yes
ac_cv_type_off_t=yes
ac_cv_type_ptrdiff_t=yes
ac_cv_type_size_t=yes
ac_cv_type_unsigned_long_long=yes
ac_cv_working_alloca_h=yes
acl_cv_path_LD=/usr/bin/ld
acl_cv_prog_gnu_ld=yes
acl_cv_rpath=done
am_cv_CC_dependencies_compiler_type=gcc3
am_cv_CXX_dependencies_compiler_type=none
am_cv_func_iconv=yes
am_cv_langinfo_codeset=yes
am_cv_lib_iconv=no
am_cv_prog_cc_stdc=
am_cv_proto_iconv='extern size_t iconv (iconv_t cd, char * *inbuf, size_t *inbytesleft, char * *outbuf, size_t *outbytesleft);'
am_cv_proto_iconv_arg1=
bh_cv_c_signed=yes
gl_cv_header_inttypes_h=yes
gl_cv_header_stdint_h=yes
gt_cv_c_intmax_t=yes
gt_cv_c_long_double=yes
gt_cv_c_wchar_t=yes
gt_cv_c_wint_t=yes
gt_cv_func_CFLocaleCopyCurrent=no
gt_cv_func_CFPreferencesCopyAppValue=no
gt_cv_func_gnugettext1_libc=yes
gt_cv_func_printf_posix=yes
gt_cv_header_inttypes_h=yes
gt_cv_int_divbyzero_sigfpe=yes
gt_cv_inttypes_pri_broken=no
gt_cv_val_LC_MESSAGES=yes
lt_cv_deplibs_check_method=pass_all
lt_cv_file_magic_cmd='$MAGIC_CMD'
lt_cv_file_magic_test_file=
lt_cv_ld_reload_flag=-r
lt_cv_objdir=.libs
lt_cv_path_LD=/usr/bin/ld
lt_cv_path_NM='/usr/bin/nm -B'
lt_cv_path_SED=/bin/sed
lt_cv_prog_compiler_c_o=yes
lt_cv_prog_compiler_rtti_exceptions=no
lt_cv_prog_gnu_ld=yes
lt_cv_sys_global_symbol_pipe='sed -n -e '\''s/^.*[ 	]\([ABCDGIRSTW][ABCDGIRSTW]*\)[ 	][ 	]*\([_A-Za-z][_A-Za-z0-9]*\)$/\1 \2 \2/p'\'''
lt_cv_sys_global_symbol_to_c_name_address='sed -n -e '\''s/^: \([^ ]*\) $/  {\"\1\", (lt_ptr) 0},/p'\'' -e '\''s/^[BCDEGRST] \([^ ]*\) \([^ ]*\)$/  {"\2", (lt_ptr) \&\2},/p'\'''
lt_cv_sys_global_symbol_to_cdecl='sed -n -e '\''s/^. .* \(.*\)$/extern int \1;/p'\'''
lt_cv_sys_max_cmd_len=32768
lt_lt_cv_prog_compiler_c_o='"yes"'
lt_lt_cv_sys_global_symbol_pipe='"sed -n -e '\''s/^.*[ 	]\\([ABCDGIRSTW][ABCDGIRSTW]*\\)[ 	][ 	]*\\([_A-Za-z][_A-Za-z0-9]*\\)\$/\\1 \\2 \\2/p'\''"'
lt_lt_cv_sys_global_symbol_to_c_name_address='"sed -n -e '\''s/^: \\([^ ]*\\) \$/  {\\\"\\1\\\", (lt_ptr) 0},/p'\'' -e '\''s/^[BCDEGRST] \\([^ ]*\\) \\([^ ]*\\)\$/  {\"\\2\", (lt_ptr) \\&\\2},/p'\''"'
lt_lt_cv_sys_global_symbol_to_cdecl='"sed -n -e '\''s/^. .* \\(.*\\)\$/extern int \\1;/p'\''"'
nls_cv_force_use_gnu_gettext=no
nls_cv_header_intl=
nls_cv_header_libgt=
nls_cv_use_gnu_gettext=no
pkg_cv_GNOME_CFLAGS='-DORBIT2=1 -pthread -I/usr/include/libgnomeui-2.0 -I/usr/include/libgnome-2.0 -I/usr/include/libgnomecanvas-2.0 -I/usr/include/gtk-2.0 -I/usr/include/libart-2.0 -I/usr/include/gconf/2 -I/usr/include/libbonoboui-2.0 -I/usr/include/gnome-vfs-2.0 -I/usr/lib/gnome-vfs-2.0/include -I/usr/include/gnome-keyring-1 -I/usr/include/glib-2.0 -I/usr/lib/glib-2.0/include -I/usr/include/orbit-2.0 -I/usr/include/libbonobo-2.0 -I/usr/include/bonobo-activation-2.0 -I/usr/include/pango-1.0 -I/usr/include/freetype2 -I/usr/lib/gtk-2.0/include -I/usr/include/atk-1.0 -I/usr/include/cairo -I/usr/include/libxml2  '
pkg_cv_GNOME_LIBS='-pthread -lgnomeui-2 -lSM -lICE -lbonoboui-2 -lgnome-keyring -lxml2 -lz -lgnomecanvas-2 -lgnome-2 -lpopt -lart_lgpl_2 -lpangoft2-1.0 -lgnomevfs-2 -lbonobo-2 -lgconf-2 -lbonobo-activation -lORBit-2 -lgthread-2.0 -lgtk-x11-2.0 -lgdk-x11-2.0 -latk-1.0 -lgdk_pixbuf-2.0 -lm -lpangocairo-1.0 -lfontconfig -lXext -lXrender -lXinerama -lXi -lXrandr -lXcursor -lXfixes -lpango-1.0 -lcairo -lX11 -lgobject-2.0 -lgmodule-2.0 -ldl -lglib-2.0  '

## ----------------- ##
## Output variables. ##
## ----------------- ##

ACLOCAL='${SHELL} /home/never/Projects/lookup/missing --run aclocal-1.9'
ALLOCA=''
AMDEPBACKSLASH='\'
AMDEP_FALSE='#'
AMDEP_TRUE=''
AMTAR='${SHELL} /home/never/Projects/lookup/missing --run tar'
AR='ar'
AUTOCONF='${SHELL} /home/never/Projects/lookup/missing --run autoconf'
AUTOHEADER='${SHELL} /home/never/Projects/lookup/missing --run autoheader'
AUTOMAKE='${SHELL} /home/never/Projects/lookup/missing --run automake-1.9'
AWK='mawk'
BUILD_INCLUDED_LIBINTL='no'
CATOBJEXT='.gmo'
CC='gcc'
CCDEPMODE='depmode=gcc3'
CFLAGS='-g -O2'
CPP='gcc -E'
CPPFLAGS=''
CXX='g++'
CXXCPP=''
CXXDEPMODE='depmode=none'
CXXFLAGS=''
CYGPATH_W='echo'
DATADIRNAME='share'
DEFS='-DHAVE_CONFIG_H'
DEPDIR='.deps'
ECHO='echo'
ECHO_C=''
ECHO_N='-n'
ECHO_T=''
EGREP='grep -E'
EXEEXT=''
F77=''
FFLAGS=''
GENCAT='gencat'
GETTEXT_PACKAGE='lookup'
GLIBC21='yes'
GLIBC2='yes'
GMSGFMT='/usr/bin/msgfmt'
GNOME_CFLAGS='-DORBIT2=1 -pthread -I/usr/include/libgnomeui-2.0 -I/usr/include/libgnome-2.0 -I/usr/include/libgnomecanvas-2.0 -I/usr/include/gtk-2.0 -I/usr/include/libart-2.0 -I/usr/include/gconf/2 -I/usr/include/libbonoboui-2.0 -I/usr/include/gnome-vfs-2.0 -I/usr/lib/gnome-vfs-2.0/include -I/usr/include/gnome-keyring-1 -I/usr/include/glib-2.0 -I/usr/lib/glib-2.0/include -I/usr/include/orbit-2.0 -I/usr/include/libbonobo-2.0 -I/usr/include/bonobo-activation-2.0 -I/usr/include/pango-1.0 -I/usr/include/freetype2 -I/usr/lib/gtk-2.0/include -I/usr/include/atk-1.0 -I/usr/include/cairo -I/usr/include/libxml2  '
GNOME_LIBS='-pthread -lgnomeui-2 -lSM -lICE -lbonoboui-2 -lgnome-keyring -lxml2 -lz -lgnomecanvas-2 -lgnome-2 -lpopt -lart_lgpl_2 -lpangoft2-1.0 -lgnomevfs-2 -lbonobo-2 -lgconf-2 -lbonobo-activation -lORBit-2 -lgthread-2.0 -lgtk-x11-2.0 -lgdk-x11-2.0 -latk-1.0 -lgdk_pixbuf-2.0 -lm -lpangocairo-1.0 -lfontconfig -lXext -lXrender -lXinerama -lXi -lXrandr -lXcursor -lXfixes -lpango-1.0 -lcairo -lX11 -lgobject-2.0 -lgmodule-2.0 -ldl -lglib-2.0  '
HAVE_ASPRINTF='1'
HAVE_POSIX_PRINTF='1'
HAVE_SNPRINTF='1'
HAVE_WPRINTF='0'
INSTALL_DATA='${INSTALL} -m 644'
INSTALL_PROGRAM='${INSTALL}'
INSTALL_SCRIPT='${INSTALL}'
INSTALL_STRIP_PROGRAM='${SHELL} $(install_sh) -c -s'
INSTOBJEXT='.mo'
INTLBISON='bison'
INTLLIBS=''
INTLOBJS=''
INTL_LIBTOOL_SUFFIX_PREFIX=''
INTL_MACOSX_LIBS=''
LDFLAGS=''
LIBICONV=''
LIBINTL=''
LIBOBJS=''
LIBS=''
LIBTOOL='$(SHELL) $(top_builddir)/libtool'
LN_S='ln -s'
LTLIBICONV=''
LTLIBINTL=''
LTLIBOBJS=''
MAKEINFO='${SHELL} /home/never/Projects/lookup/missing --run makeinfo'
MKINSTALLDIRS='$(top_builddir)/./mkinstalldirs'
MSGFMT='/usr/bin/msgfmt'
MSGMERGE='/usr/bin/msgmerge'
NO_PREFIX_PACKAGE_DATA_DIR='share/lookup'
NO_PREFIX_PACKAGE_DOC_DIR='doc/lookup'
NO_PREFIX_PACKAGE_HELP_DIR='share/gnome/help/lookup'
NO_PREFIX_PACKAGE_MENU_DIR='share/gnome/apps'
NO_PREFIX_PACKAGE_PIXMAPS_DIR='share/pixmaps/lookup'
OBJEXT='o'
PACKAGE='lookup'
PACKAGE_BUGREPORT=''
PACKAGE_DATA_DIR='/usr/local/share/lookup'
PACKAGE_DOC_DIR='/usr/local/doc/lookup'
PACKAGE_HELP_DIR='/usr/local/share/gnome/help/lookup'
PACKAGE_MENU_DIR='/usr/local/share/gnome/apps'
PACKAGE_NAME=''
PACKAGE_PIXMAPS_DIR='/usr/local/share/pixmaps/lookup'
PACKAGE_STRING=''
PACKAGE_TARNAME=''
PACKAGE_VERSION=''
PATH_SEPARATOR=':'
PKG_CONFIG='/usr/bin/pkg-config'
POSUB='po'
RANLIB='ranlib'
SET_MAKE=''
SHELL='/bin/sh'
STRIP='strip'
USE_INCLUDED_LIBINTL='no'
USE_NLS='yes'
VERSION='0.1'
XGETTEXT='/usr/bin/xgettext'
ac_ct_AR='ar'
ac_ct_CC='gcc'
ac_ct_CXX='g++'
ac_ct_F77=''
ac_ct_RANLIB='ranlib'
ac_ct_STRIP='strip'
ac_pt_PKG_CONFIG='/usr/bin/pkg-config'
am__fastdepCC_FALSE='#'
am__fastdepCC_TRUE=''
am__fastdepCXX_FALSE=''
am__fastdepCXX_TRUE='#'
am__include='include'
am__leading_dot='.'
am__quote=''
am__tar='${AMTAR} chof - "$$tardir"'
am__untar='${AMTAR} xf -'
bindir='${exec_prefix}/bin'
build='i686-pc-linux-gnu'
build_alias=''
build_cpu='i686'
build_os='linux-gnu'
build_vendor='pc'
datadir='${prefix}/share'
exec_prefix='${prefix}'
host='i686-pc-linux-gnu'
host_alias=''
host_cpu='i686'
host_os='linux-gnu'
host_vendor='pc'
includedir='${prefix}/include'
infodir='${prefix}/info'
install_sh='/home/never/Projects/lookup/install-sh'
libdir='${exec_prefix}/lib'
libexecdir='${exec_prefix}/libexec'
localstatedir='${prefix}/var'
mandir='${prefix}/man'
mkdir_p='mkdir -p --'
oldincludedir='/usr/include'
prefix='/usr/local'
program_transform_name='s,x,x,'
sbindir='${exec_prefix}/sbin'
sharedstatedir='${prefix}/com'
sysconfdir='${prefix}/etc'
target_alias=''

## ----------- ##
## confdefs.h. ##
## ----------- ##

#define ENABLE_NLS 1
#define GETTEXT_PACKAGE "lookup"
#define HAVE_ALLOCA 1
#define HAVE_ALLOCA_H 1
#define HAVE_ARGZ_H 1
#define HAVE_ASPRINTF 1
#define HAVE_DCGETTEXT 1
#define HAVE_DECL_FEOF_UNLOCKED 1
#define HAVE_DECL_FGETS_UNLOCKED 0
#define HAVE_DECL_GETC_UNLOCKED 1
#define HAVE_DECL__SNPRINTF 0
#define HAVE_DECL__SNWPRINTF 0
#define HAVE_DLFCN_H 1
#define HAVE_FWPRINTF 1
#define HAVE_GETCWD 1
#define HAVE_GETEGID 1
#define HAVE_GETEUID 1
#define HAVE_GETGID 1
#define HAVE_GETPAGESIZE 1
#define HAVE_GETTEXT 1
#define HAVE_GETUID 1
#define HAVE_ICONV 1
#define HAVE_INTMAX_T 1
#define HAVE_INTTYPES_H 1
#define HAVE_INTTYPES_H 1
#define HAVE_INTTYPES_H_WITH_UINTMAX 1
#define HAVE_LANGINFO_CODESET 1
#define HAVE_LC_MESSAGES 1
#define HAVE_LIMITS_H 1
#define HAVE_LOCALE_H 1
#define HAVE_LONG_DOUBLE 1
#define HAVE_LONG_LONG 1
#define HAVE_MALLOC_H 1
#define HAVE_MEMORY_H 1
#define HAVE_MEMPCPY 1
#define HAVE_MMAP 1
#define HAVE_MUNMAP 1
#define HAVE_NL_TYPES_H 1
#define HAVE_POSIX_PRINTF 1
#define HAVE_PUTENV 1
#define HAVE_SETENV 1
#define HAVE_SETLOCALE 1
#define HAVE_SNPRINTF 1
#define HAVE_STDDEF_H 1
#define HAVE_STDINT_H 1
#define HAVE_STDINT_H 1
#define HAVE_STDINT_H 1
#define HAVE_STDINT_H_WITH_UINTMAX 1
#define HAVE_STDLIB_H 1
#define HAVE_STDLIB_H 1
#define HAVE_STDLIB_H 1
#define HAVE_STPCPY 1
#define HAVE_STRCASECMP 1
#define HAVE_STRDUP 1
#define HAVE_STRINGS_H 1
#define HAVE_STRING_H 1
#define HAVE_STRING_H 1
#define HAVE_STRTOUL 1
#define HAVE_SYS_PARAM_H 1
#define HAVE_SYS_STAT_H 1
#define HAVE_SYS_TYPES_H 1
#define HAVE_TSEARCH 1
#define HAVE_UINTMAX_T 1
#define HAVE_UNISTD_H 1
#define HAVE_UNISTD_H 1
#define HAVE_UNISTD_H 1
#define HAVE_UNSIGNED_LONG_LONG 1
#define HAVE_WCHAR_T 1
#define HAVE_WCSLEN 1
#define HAVE_WINT_T 1
#define HAVE___ARGZ_COUNT 1
#define HAVE___ARGZ_NEXT 1
#define HAVE___ARGZ_STRINGIFY 1
#define HAVE___FSETLOCKING 1
#define ICONV_CONST 
#define INTDIV0_RAISES_SIGFPE 1
#define PACKAGE "lookup"
#define PACKAGE_BUGREPORT ""
#define PACKAGE_DATA_DIR "/usr/local/share/lookup"
#define PACKAGE_DOC_DIR "/usr/local/doc/lookup"
#define PACKAGE_HELP_DIR "/usr/local/share/gnome/help/lookup"
#define PACKAGE_LOCALE_DIR "/usr/local/share/locale"
#define PACKAGE_MENU_DIR "/usr/local/share/gnome/apps"
#define PACKAGE_NAME ""
#define PACKAGE_PIXMAPS_DIR "/usr/local/share/pixmaps/lookup"
#define PACKAGE_SOURCE_DIR "/home/never/Projects/lookup"
#define PACKAGE_STRING ""
#define PACKAGE_TARNAME ""
#define PACKAGE_VERSION ""
#define STDC_HEADERS 1
#define VERSION "0.1"
#endif
#ifdef __cplusplus
void exit (int);

configure: exit 0
